Using pre-set license
Built from '2020.3/staging' branch; Version is '2020.3.3f1 (76626098c1c4) revision 7758432'; Using compiler version '192528614'; Build Type 'Release'
OS: 'Windows 10 Pro; OS build 18362.295; Version 1903; 64bit' Language: 'ru' Physical Memory: 8136 MB
BatchMode: 1, IsHumanControllingUs: 0, StartBugReporterOnCrash: 0, Is64bit: 1, IsPro: 0

 COMMAND LINE ARGUMENTS:
C:\Program Files\Unity\Hub\Editor\2020.3.3f1\Editor\Unity.exe
-adb2
-batchMode
-noUpm
-name
AssetImportWorker2
-projectPath
D:/UnityProjectFiles/VR Personal Project
-logFile
Logs/AssetImportWorker2.log
-srvPort
54828
Successfully changed project path to: D:/UnityProjectFiles/VR Personal Project
D:/UnityProjectFiles/VR Personal Project
Using Asset Import Pipeline V2.
